<?xml version="1.0" encoding="UTF-8"?>
<!-- Generated by org.testng.reporters.JUnitReportReporter -->
<testsuite hostname="DESKTOP-E7EAK3R" failures="0" tests="1" name="testLeaf_BaseTest.BaseTest" time="6.944" errors="0" timestamp="2023-10-05T22:43:22 BDT" skipped="0">
  <testcase classname="testLeaf_BaseTest.BaseTest" name="openBrowser" time="6.944"/>
  <system-out/>
</testsuite> <!-- testLeaf_BaseTest.BaseTest -->
